<?xml version="1.0" encoding="UTF-8"?>
<testsuite name="com.mindex.challenge.service.impl.EmployeeServiceImplTest" tests="1" skipped="0" failures="0" errors="0" timestamp="2023-12-08T02:32:56" hostname="penguin" time="0.182">
  <properties/>
  <testcase name="testCreateReadUpdate" classname="com.mindex.challenge.service.impl.EmployeeServiceImplTest" time="0.182"/>
  <system-out><![CDATA[2023-12-07 21:32:55.874  INFO 7873 --- [    Test worker] .b.t.c.SpringBootTestContextBootstrapper : Neither @ContextConfiguration nor @ContextHierarchy found for test class [com.mindex.challenge.service.impl.EmployeeServiceImplTest], using SpringBootContextLoader
2023-12-07 21:32:55.876  INFO 7873 --- [    Test worker] o.s.t.c.support.AbstractContextLoader    : Could not detect default resource locations for test class [com.mindex.challenge.service.impl.EmployeeServiceImplTest]: no resource found for suffixes {-context.xml, Context.groovy}.
2023-12-07 21:32:55.876  INFO 7873 --- [    Test worker] t.c.s.AnnotationConfigContextLoaderUtils : Could not detect default configuration classes for test class [com.mindex.challenge.service.impl.EmployeeServiceImplTest]: EmployeeServiceImplTest does not declare any static, non-private, non-final, nested classes annotated with @Configuration.
2023-12-07 21:32:55.884  INFO 7873 --- [    Test worker] .b.t.c.SpringBootTestContextBootstrapper : Found @SpringBootConfiguration com.mindex.challenge.ChallengeApplication for test class com.mindex.challenge.service.impl.EmployeeServiceImplTest
2023-12-07 21:32:55.885  INFO 7873 --- [    Test worker] .b.t.c.SpringBootTestContextBootstrapper : Loaded default TestExecutionListener class names from location [META-INF/spring.factories]: [org.springframework.boot.test.autoconfigure.restdocs.RestDocsTestExecutionListener, org.springframework.boot.test.autoconfigure.web.client.MockRestServiceServerResetTestExecutionListener, org.springframework.boot.test.autoconfigure.web.servlet.MockMvcPrintOnlyOnFailureTestExecutionListener, org.springframework.boot.test.autoconfigure.web.servlet.WebDriverTestExecutionListener, org.springframework.boot.test.mock.mockito.MockitoTestExecutionListener, org.springframework.boot.test.mock.mockito.ResetMocksTestExecutionListener, org.springframework.test.context.web.ServletTestExecutionListener, org.springframework.test.context.support.DirtiesContextBeforeModesTestExecutionListener, org.springframework.test.context.support.DependencyInjectionTestExecutionListener, org.springframework.test.context.support.DirtiesContextTestExecutionListener, org.springframework.test.context.transaction.TransactionalTestExecutionListener, org.springframework.test.context.jdbc.SqlScriptsTestExecutionListener, org.springframework.test.context.event.EventPublishingTestExecutionListener]
2023-12-07 21:32:55.885  INFO 7873 --- [    Test worker] .b.t.c.SpringBootTestContextBootstrapper : Using TestExecutionListeners: [org.springframework.test.context.web.ServletTestExecutionListener@9a523b6, org.springframework.test.context.support.DirtiesContextBeforeModesTestExecutionListener@b23ae30, org.springframework.boot.test.mock.mockito.MockitoTestExecutionListener@21970272, org.springframework.boot.test.autoconfigure.SpringBootDependencyInjectionTestExecutionListener@232b2b4a, org.springframework.test.context.support.DirtiesContextTestExecutionListener@3b3040a, org.springframework.test.context.transaction.TransactionalTestExecutionListener@15f77862, org.springframework.test.context.jdbc.SqlScriptsTestExecutionListener@cea6c3c, org.springframework.test.context.event.EventPublishingTestExecutionListener@76e17790, org.springframework.boot.test.autoconfigure.restdocs.RestDocsTestExecutionListener@6de9ae12, org.springframework.boot.test.autoconfigure.web.client.MockRestServiceServerResetTestExecutionListener@4373ffa5, org.springframework.boot.test.autoconfigure.web.servlet.MockMvcPrintOnlyOnFailureTestExecutionListener@1c27e07b, org.springframework.boot.test.autoconfigure.web.servlet.WebDriverTestExecutionListener@61874998, org.springframework.boot.test.mock.mockito.ResetMocksTestExecutionListener@413ef284]

  .   ____          _            __ _ _
 /\\ / ___'_ __ _ _(_)_ __  __ _ \ \ \ \
( ( )\___ | '_ | '_| | '_ \/ _` | \ \ \ \
 \\/  ___)| |_)| | | | | || (_| |  ) ) ) )
  '  |____| .__|_| |_|_| |_\__, | / / / /
 =========|_|==============|___/=/_/_/_/
 :: Spring Boot ::        (v2.2.0.RELEASE)

2023-12-07 21:32:55.910  INFO 7873 --- [    Test worker] c.m.c.s.impl.EmployeeServiceImplTest     : Starting EmployeeServiceImplTest on penguin with PID 7873 (started by tmcksmith in /home/tmcksmith/mindex-java-code-challenge)
2023-12-07 21:32:55.910 DEBUG 7873 --- [    Test worker] c.m.c.s.impl.EmployeeServiceImplTest     : Running with Spring Boot v2.2.0.RELEASE, Spring v5.2.0.RELEASE
2023-12-07 21:32:55.910  INFO 7873 --- [    Test worker] c.m.c.s.impl.EmployeeServiceImplTest     : No active profile set, falling back to default profiles: default
2023-12-07 21:32:55.999  INFO 7873 --- [    Test worker] .s.d.r.c.RepositoryConfigurationDelegate : Bootstrapping Spring Data repositories in DEFAULT mode.
2023-12-07 21:32:56.004  INFO 7873 --- [    Test worker] .s.d.r.c.RepositoryConfigurationDelegate : Finished Spring Data repository scanning in 4ms. Found 2 repository interfaces.
2023-12-07 21:32:56.210  INFO 7873 --- [    Test worker] o.s.b.w.embedded.tomcat.TomcatWebServer  : Tomcat initialized with port(s): 0 (http)
2023-12-07 21:32:56.220  INFO 7873 --- [    Test worker] o.apache.catalina.core.StandardService   : Starting service [Tomcat]
2023-12-07 21:32:56.220  INFO 7873 --- [    Test worker] org.apache.catalina.core.StandardEngine  : Starting Servlet engine: [Apache Tomcat/9.0.27]
2023-12-07 21:32:56.313  INFO 7873 --- [    Test worker] o.a.c.c.C.[Tomcat].[localhost].[/]       : Initializing Spring embedded WebApplicationContext
2023-12-07 21:32:56.313  INFO 7873 --- [    Test worker] o.s.web.context.ContextLoader            : Root WebApplicationContext: initialization completed in 400 ms
2023-12-07 21:32:56.394  INFO 7873 --- [    Test worker] de.bwaldvogel.mongo.MongoServer          : started MongoServer(port: 37919, ssl: false)
2023-12-07 21:32:56.396  INFO 7873 --- [    Test worker] org.mongodb.driver.cluster               : Cluster created with settings {hosts=[127.0.0.1:37919], mode=SINGLE, requiredClusterType=UNKNOWN, serverSelectionTimeout='30000 ms', maxWaitQueueSize=500}
2023-12-07 21:32:56.404  INFO 7873 --- [-server-worker1] d.b.mongo.wire.MongoWireProtocolHandler  : client [id: 0xdd1e7080, L:/127.0.0.1:37919 - R:/127.0.0.1:58126] connected
2023-12-07 21:32:56.406  WARN 7873 --- [    Test worker] o.s.data.convert.CustomConversions       : Registering converter from class java.time.LocalDateTime to class java.time.Instant as reading converter although it doesn't convert from a store-supported type! You might wanna check you annotation setup at the converter implementation.
2023-12-07 21:32:56.406  WARN 7873 --- [    Test worker] o.s.data.convert.CustomConversions       : Registering converter from class java.time.Instant to class java.time.LocalDateTime as reading converter although it doesn't convert from a store-supported type! You might wanna check you annotation setup at the converter implementation.
2023-12-07 21:32:56.408  WARN 7873 --- [    Test worker] o.s.data.convert.CustomConversions       : Registering converter from class java.time.LocalDateTime to class java.time.Instant as reading converter although it doesn't convert from a store-supported type! You might wanna check you annotation setup at the converter implementation.
2023-12-07 21:32:56.409  WARN 7873 --- [    Test worker] o.s.data.convert.CustomConversions       : Registering converter from class java.time.Instant to class java.time.LocalDateTime as reading converter although it doesn't convert from a store-supported type! You might wanna check you annotation setup at the converter implementation.
2023-12-07 21:32:56.431  INFO 7873 --- [127.0.0.1:37919] org.mongodb.driver.connection            : Opened connection [connectionId{localValue:3}] to 127.0.0.1:37919
2023-12-07 21:32:56.433  INFO 7873 --- [127.0.0.1:37919] org.mongodb.driver.cluster               : Monitor thread successfully connected to server with description ServerDescription{address=127.0.0.1:37919, type=STANDALONE, state=CONNECTED, ok=true, version=ServerVersion{versionList=[3, 0, 0]}, minWireVersion=0, maxWireVersion=2, maxDocumentSize=16777216, logicalSessionTimeoutMinutes=null, roundTripTimeNanos=1410963}
2023-12-07 21:32:56.459  INFO 7873 --- [-server-worker2] d.b.mongo.wire.MongoWireProtocolHandler  : client [id: 0x4e70d741, L:/127.0.0.1:37919 - R:/127.0.0.1:58136] connected
2023-12-07 21:32:56.479  INFO 7873 --- [    Test worker] org.mongodb.driver.connection            : Opened connection [connectionId{localValue:4}] to 127.0.0.1:37919
2023-12-07 21:32:56.480  INFO 7873 --- [-server-worker2] d.b.mongo.backend.AbstractMongoBackend   : created database test
2023-12-07 21:32:56.481  INFO 7873 --- [-server-worker2] d.b.mongo.backend.AbstractMongoDatabase  : adding unique _id index for collection employee
2023-12-07 21:32:56.481  INFO 7873 --- [-server-worker2] d.b.mongo.backend.AbstractMongoDatabase  : created collection test.employee
2023-12-07 21:32:56.572  INFO 7873 --- [    Test worker] o.s.s.concurrent.ThreadPoolTaskExecutor  : Initializing ExecutorService 'applicationTaskExecutor'
2023-12-07 21:32:56.637  WARN 7873 --- [    Test worker] o.s.data.convert.CustomConversions       : Registering converter from class java.time.LocalDateTime to class java.time.Instant as reading converter although it doesn't convert from a store-supported type! You might wanna check you annotation setup at the converter implementation.
2023-12-07 21:32:56.637  WARN 7873 --- [    Test worker] o.s.data.convert.CustomConversions       : Registering converter from class java.time.Instant to class java.time.LocalDateTime as reading converter although it doesn't convert from a store-supported type! You might wanna check you annotation setup at the converter implementation.
2023-12-07 21:32:56.649  WARN 7873 --- [    Test worker] o.s.data.convert.CustomConversions       : Registering converter from class java.time.LocalDateTime to class java.time.Instant as reading converter although it doesn't convert from a store-supported type! You might wanna check you annotation setup at the converter implementation.
2023-12-07 21:32:56.649  WARN 7873 --- [    Test worker] o.s.data.convert.CustomConversions       : Registering converter from class java.time.Instant to class java.time.LocalDateTime as reading converter although it doesn't convert from a store-supported type! You might wanna check you annotation setup at the converter implementation.
2023-12-07 21:32:56.719  INFO 7873 --- [    Test worker] o.s.b.w.embedded.tomcat.TomcatWebServer  : Tomcat started on port(s): 33711 (http) with context path ''
2023-12-07 21:32:56.720  INFO 7873 --- [    Test worker] c.m.c.s.impl.EmployeeServiceImplTest     : Started EmployeeServiceImplTest in 0.833 seconds (JVM running for 4.753)
2023-12-07 21:32:56.822  INFO 7873 --- [o-auto-1-exec-1] o.a.c.c.C.[Tomcat].[localhost].[/]       : Initializing Spring DispatcherServlet 'dispatcherServlet'
2023-12-07 21:32:56.822  INFO 7873 --- [o-auto-1-exec-1] o.s.web.servlet.DispatcherServlet        : Initializing Servlet 'dispatcherServlet'
2023-12-07 21:32:56.834  INFO 7873 --- [o-auto-1-exec-1] o.s.web.servlet.DispatcherServlet        : Completed initialization in 12 ms
2023-12-07 21:32:56.860 DEBUG 7873 --- [o-auto-1-exec-1] c.m.c.controller.EmployeeController      : Received employee create request for [Employee{employeeId='null', firstName='John', lastName='Doe', position='Developer', department='Engineering', directReports=null, compensation=null}]
2023-12-07 21:32:56.860 DEBUG 7873 --- [o-auto-1-exec-1] c.m.c.service.impl.EmployeeServiceImpl   : Creating employee [Employee{employeeId='null', firstName='John', lastName='Doe', position='Developer', department='Engineering', directReports=null, compensation=null}]
2023-12-07 21:32:56.881 DEBUG 7873 --- [o-auto-1-exec-2] c.m.c.controller.EmployeeController      : Received employee create request for id [eb1dabe0-699d-4d22-9f0d-e4d9b89dccf4]
2023-12-07 21:32:56.881 DEBUG 7873 --- [o-auto-1-exec-2] c.m.c.service.impl.EmployeeServiceImpl   : Creating employee with id [eb1dabe0-699d-4d22-9f0d-e4d9b89dccf4]
2023-12-07 21:32:56.891 DEBUG 7873 --- [o-auto-1-exec-3] c.m.c.controller.EmployeeController      : Received employee create request for id [eb1dabe0-699d-4d22-9f0d-e4d9b89dccf4] and employee [Employee{employeeId='eb1dabe0-699d-4d22-9f0d-e4d9b89dccf4', firstName='John', lastName='Doe', position='Development Manager', department='Engineering', directReports=null, compensation=null}]
2023-12-07 21:32:56.891 DEBUG 7873 --- [o-auto-1-exec-3] c.m.c.service.impl.EmployeeServiceImpl   : Updating employee [Employee{employeeId='eb1dabe0-699d-4d22-9f0d-e4d9b89dccf4', firstName='John', lastName='Doe', position='Development Manager', department='Engineering', directReports=null, compensation=null}]
]]></system-out>
  <system-err><![CDATA[]]></system-err>
</testsuite>
