<?xml version="1.0" encoding="UTF-8"?>
<testsuite name="com.mindex.challenge.DataBootstrapTest" tests="1" skipped="0" failures="0" errors="0" timestamp="2023-12-08T02:32:55" hostname="penguin" time="0.044">
  <properties/>
  <testcase name="test" classname="com.mindex.challenge.DataBootstrapTest" time="0.044"/>
  <system-out><![CDATA[2023-12-07 21:32:55.814  INFO 7873 --- [    Test worker] .b.t.c.SpringBootTestContextBootstrapper : Neither @ContextConfiguration nor @ContextHierarchy found for test class [com.mindex.challenge.DataBootstrapTest], using SpringBootContextLoader
2023-12-07 21:32:55.815  INFO 7873 --- [    Test worker] o.s.t.c.support.AbstractContextLoader    : Could not detect default resource locations for test class [com.mindex.challenge.DataBootstrapTest]: no resource found for suffixes {-context.xml, Context.groovy}.
2023-12-07 21:32:55.816  INFO 7873 --- [    Test worker] t.c.s.AnnotationConfigContextLoaderUtils : Could not detect default configuration classes for test class [com.mindex.challenge.DataBootstrapTest]: DataBootstrapTest does not declare any static, non-private, non-final, nested classes annotated with @Configuration.
2023-12-07 21:32:55.817  INFO 7873 --- [    Test worker] .b.t.c.SpringBootTestContextBootstrapper : Found @SpringBootConfiguration com.mindex.challenge.ChallengeApplication for test class com.mindex.challenge.DataBootstrapTest
2023-12-07 21:32:55.818  INFO 7873 --- [    Test worker] .b.t.c.SpringBootTestContextBootstrapper : Loaded default TestExecutionListener class names from location [META-INF/spring.factories]: [org.springframework.boot.test.autoconfigure.restdocs.RestDocsTestExecutionListener, org.springframework.boot.test.autoconfigure.web.client.MockRestServiceServerResetTestExecutionListener, org.springframework.boot.test.autoconfigure.web.servlet.MockMvcPrintOnlyOnFailureTestExecutionListener, org.springframework.boot.test.autoconfigure.web.servlet.WebDriverTestExecutionListener, org.springframework.boot.test.mock.mockito.MockitoTestExecutionListener, org.springframework.boot.test.mock.mockito.ResetMocksTestExecutionListener, org.springframework.test.context.web.ServletTestExecutionListener, org.springframework.test.context.support.DirtiesContextBeforeModesTestExecutionListener, org.springframework.test.context.support.DependencyInjectionTestExecutionListener, org.springframework.test.context.support.DirtiesContextTestExecutionListener, org.springframework.test.context.transaction.TransactionalTestExecutionListener, org.springframework.test.context.jdbc.SqlScriptsTestExecutionListener, org.springframework.test.context.event.EventPublishingTestExecutionListener]
2023-12-07 21:32:55.819  INFO 7873 --- [    Test worker] .b.t.c.SpringBootTestContextBootstrapper : Using TestExecutionListeners: [org.springframework.test.context.web.ServletTestExecutionListener@14aed678, org.springframework.test.context.support.DirtiesContextBeforeModesTestExecutionListener@713f4731, org.springframework.boot.test.mock.mockito.MockitoTestExecutionListener@23ba0d5f, org.springframework.boot.test.autoconfigure.SpringBootDependencyInjectionTestExecutionListener@7098b00a, org.springframework.test.context.support.DirtiesContextTestExecutionListener@1267a577, org.springframework.test.context.transaction.TransactionalTestExecutionListener@19ea6ec5, org.springframework.test.context.jdbc.SqlScriptsTestExecutionListener@6a495852, org.springframework.test.context.event.EventPublishingTestExecutionListener@5f64bdf1, org.springframework.boot.test.autoconfigure.restdocs.RestDocsTestExecutionListener@7007f777, org.springframework.boot.test.autoconfigure.web.client.MockRestServiceServerResetTestExecutionListener@3a5133f4, org.springframework.boot.test.autoconfigure.web.servlet.MockMvcPrintOnlyOnFailureTestExecutionListener@1a7a7724, org.springframework.boot.test.autoconfigure.web.servlet.WebDriverTestExecutionListener@600bdaaf, org.springframework.boot.test.mock.mockito.ResetMocksTestExecutionListener@2f782596]
]]></system-out>
  <system-err><![CDATA[]]></system-err>
</testsuite>
